<?xml version="1.0" encoding="UTF-8" ?>

<testsuite failures="0" time="0.036" errors="0" skipped="0" tests="4" name="BasicTest">
  <testcase classname="BasicTest" name="createAndRetrieveUser" time="0.009">
      </testcase>
  <testcase classname="BasicTest" name="tryConnectAsUser" time="0.013">
      </testcase>
  <testcase classname="BasicTest" name="createAndRetrieveStreamEventBuffer" time="0.005">
      </testcase>
  <testcase classname="BasicTest" name="trySubscribeStreamAndPublish" time="0.009">
      </testcase>
</testsuite>
